ARM GAS  C:\Users\ADMINI~1\AppData\Local\Temp\cczyNF8b.s 			page 1


   1              		.cpu cortex-m3
   2              		.eabi_attribute 20, 1
   3              		.eabi_attribute 21, 1
   4              		.eabi_attribute 23, 3
   5              		.eabi_attribute 24, 1
   6              		.eabi_attribute 25, 1
   7              		.eabi_attribute 26, 1
   8              		.eabi_attribute 30, 1
   9              		.eabi_attribute 34, 1
  10              		.eabi_attribute 18, 4
  11              		.file	"i2c.c"
  12              		.text
  13              	.Ltext0:
  14              		.cfi_sections	.debug_frame
  15              		.section	.text.MX_I2C2_Init,"ax",%progbits
  16              		.align	1
  17              		.global	MX_I2C2_Init
  18              		.syntax unified
  19              		.thumb
  20              		.thumb_func
  21              		.fpu softvfp
  23              	MX_I2C2_Init:
  24              		.fnstart
  25              	.LFB64:
  26              		.file 1 "E:/VisualStudioCode/STM32F1_HAL/Src/i2c.c"
   1:E:/VisualStudioCode/STM32F1_HAL/Src\i2c.c **** /**
   2:E:/VisualStudioCode/STM32F1_HAL/Src\i2c.c ****   ******************************************************************************
   3:E:/VisualStudioCode/STM32F1_HAL/Src\i2c.c ****   * File Name          : I2C.c
   4:E:/VisualStudioCode/STM32F1_HAL/Src\i2c.c ****   * Description        : This file provides code for the configuration
   5:E:/VisualStudioCode/STM32F1_HAL/Src\i2c.c ****   *                      of the I2C instances.
   6:E:/VisualStudioCode/STM32F1_HAL/Src\i2c.c ****   ******************************************************************************
   7:E:/VisualStudioCode/STM32F1_HAL/Src\i2c.c ****   ** This notice applies to any and all portions of this file
   8:E:/VisualStudioCode/STM32F1_HAL/Src\i2c.c ****   * that are not between comment pairs USER CODE BEGIN and
   9:E:/VisualStudioCode/STM32F1_HAL/Src\i2c.c ****   * USER CODE END. Other portions of this file, whether 
  10:E:/VisualStudioCode/STM32F1_HAL/Src\i2c.c ****   * inserted by the user or by software development tools
  11:E:/VisualStudioCode/STM32F1_HAL/Src\i2c.c ****   * are owned by their respective copyright owners.
  12:E:/VisualStudioCode/STM32F1_HAL/Src\i2c.c ****   *
  13:E:/VisualStudioCode/STM32F1_HAL/Src\i2c.c ****   * COPYRIGHT(c) 2018 STMicroelectronics
  14:E:/VisualStudioCode/STM32F1_HAL/Src\i2c.c ****   *
  15:E:/VisualStudioCode/STM32F1_HAL/Src\i2c.c ****   * Redistribution and use in source and binary forms, with or without modification,
  16:E:/VisualStudioCode/STM32F1_HAL/Src\i2c.c ****   * are permitted provided that the following conditions are met:
  17:E:/VisualStudioCode/STM32F1_HAL/Src\i2c.c ****   *   1. Redistributions of source code must retain the above copyright notice,
  18:E:/VisualStudioCode/STM32F1_HAL/Src\i2c.c ****   *      this list of conditions and the following disclaimer.
  19:E:/VisualStudioCode/STM32F1_HAL/Src\i2c.c ****   *   2. Redistributions in binary form must reproduce the above copyright notice,
  20:E:/VisualStudioCode/STM32F1_HAL/Src\i2c.c ****   *      this list of conditions and the following disclaimer in the documentation
  21:E:/VisualStudioCode/STM32F1_HAL/Src\i2c.c ****   *      and/or other materials provided with the distribution.
  22:E:/VisualStudioCode/STM32F1_HAL/Src\i2c.c ****   *   3. Neither the name of STMicroelectronics nor the names of its contributors
  23:E:/VisualStudioCode/STM32F1_HAL/Src\i2c.c ****   *      may be used to endorse or promote products derived from this software
  24:E:/VisualStudioCode/STM32F1_HAL/Src\i2c.c ****   *      without specific prior written permission.
  25:E:/VisualStudioCode/STM32F1_HAL/Src\i2c.c ****   *
  26:E:/VisualStudioCode/STM32F1_HAL/Src\i2c.c ****   * THIS SOFTWARE IS PROVIDED BY THE COPYRIGHT HOLDERS AND CONTRIBUTORS "AS IS"
  27:E:/VisualStudioCode/STM32F1_HAL/Src\i2c.c ****   * AND ANY EXPRESS OR IMPLIED WARRANTIES, INCLUDING, BUT NOT LIMITED TO, THE
  28:E:/VisualStudioCode/STM32F1_HAL/Src\i2c.c ****   * IMPLIED WARRANTIES OF MERCHANTABILITY AND FITNESS FOR A PARTICULAR PURPOSE ARE
  29:E:/VisualStudioCode/STM32F1_HAL/Src\i2c.c ****   * DISCLAIMED. IN NO EVENT SHALL THE COPYRIGHT HOLDER OR CONTRIBUTORS BE LIABLE
  30:E:/VisualStudioCode/STM32F1_HAL/Src\i2c.c ****   * FOR ANY DIRECT, INDIRECT, INCIDENTAL, SPECIAL, EXEMPLARY, OR CONSEQUENTIAL
  31:E:/VisualStudioCode/STM32F1_HAL/Src\i2c.c ****   * DAMAGES (INCLUDING, BUT NOT LIMITED TO, PROCUREMENT OF SUBSTITUTE GOODS OR
  32:E:/VisualStudioCode/STM32F1_HAL/Src\i2c.c ****   * SERVICES; LOSS OF USE, DATA, OR PROFITS; OR BUSINESS INTERRUPTION) HOWEVER
ARM GAS  C:\Users\ADMINI~1\AppData\Local\Temp\cczyNF8b.s 			page 2


  33:E:/VisualStudioCode/STM32F1_HAL/Src\i2c.c ****   * CAUSED AND ON ANY THEORY OF LIABILITY, WHETHER IN CONTRACT, STRICT LIABILITY,
  34:E:/VisualStudioCode/STM32F1_HAL/Src\i2c.c ****   * OR TORT (INCLUDING NEGLIGENCE OR OTHERWISE) ARISING IN ANY WAY OUT OF THE USE
  35:E:/VisualStudioCode/STM32F1_HAL/Src\i2c.c ****   * OF THIS SOFTWARE, EVEN IF ADVISED OF THE POSSIBILITY OF SUCH DAMAGE.
  36:E:/VisualStudioCode/STM32F1_HAL/Src\i2c.c ****   *
  37:E:/VisualStudioCode/STM32F1_HAL/Src\i2c.c ****   ******************************************************************************
  38:E:/VisualStudioCode/STM32F1_HAL/Src\i2c.c ****   */
  39:E:/VisualStudioCode/STM32F1_HAL/Src\i2c.c **** 
  40:E:/VisualStudioCode/STM32F1_HAL/Src\i2c.c **** /* Includes ------------------------------------------------------------------*/
  41:E:/VisualStudioCode/STM32F1_HAL/Src\i2c.c **** #include "i2c.h"
  42:E:/VisualStudioCode/STM32F1_HAL/Src\i2c.c **** #include "stm32f1xx_hal.h"
  43:E:/VisualStudioCode/STM32F1_HAL/Src\i2c.c **** 
  44:E:/VisualStudioCode/STM32F1_HAL/Src\i2c.c **** 
  45:E:/VisualStudioCode/STM32F1_HAL/Src\i2c.c **** /* USER CODE BEGIN 0 */
  46:E:/VisualStudioCode/STM32F1_HAL/Src\i2c.c **** 
  47:E:/VisualStudioCode/STM32F1_HAL/Src\i2c.c **** /* USER CODE END 0 */
  48:E:/VisualStudioCode/STM32F1_HAL/Src\i2c.c **** 
  49:E:/VisualStudioCode/STM32F1_HAL/Src\i2c.c **** I2C_HandleTypeDef hi2c2;
  50:E:/VisualStudioCode/STM32F1_HAL/Src\i2c.c **** 
  51:E:/VisualStudioCode/STM32F1_HAL/Src\i2c.c **** /* I2C2 init function */
  52:E:/VisualStudioCode/STM32F1_HAL/Src\i2c.c **** void MX_I2C2_Init(void)
  53:E:/VisualStudioCode/STM32F1_HAL/Src\i2c.c **** {
  27              		.loc 1 53 0
  28              		.cfi_startproc
  29              		@ args = 0, pretend = 0, frame = 0
  30              		@ frame_needed = 0, uses_anonymous_args = 0
  31 0000 08B5     		push	{r3, lr}
  32              		.save {r3, lr}
  33              	.LCFI0:
  34              		.cfi_def_cfa_offset 8
  35              		.cfi_offset 3, -8
  36              		.cfi_offset 14, -4
  54:E:/VisualStudioCode/STM32F1_HAL/Src\i2c.c **** 
  55:E:/VisualStudioCode/STM32F1_HAL/Src\i2c.c ****   hi2c2.Instance = I2C2;
  37              		.loc 1 55 0
  38 0002 0948     		ldr	r0, .L3
  39 0004 094B     		ldr	r3, .L3+4
  40 0006 0360     		str	r3, [r0]
  56:E:/VisualStudioCode/STM32F1_HAL/Src\i2c.c ****   hi2c2.Init.ClockSpeed = 100000;
  41              		.loc 1 56 0
  42 0008 094B     		ldr	r3, .L3+8
  43 000a 4360     		str	r3, [r0, #4]
  57:E:/VisualStudioCode/STM32F1_HAL/Src\i2c.c ****   hi2c2.Init.DutyCycle = I2C_DUTYCYCLE_2;
  44              		.loc 1 57 0
  45 000c 0023     		movs	r3, #0
  46 000e 8360     		str	r3, [r0, #8]
  58:E:/VisualStudioCode/STM32F1_HAL/Src\i2c.c ****   hi2c2.Init.OwnAddress1 = 0;
  47              		.loc 1 58 0
  48 0010 C360     		str	r3, [r0, #12]
  59:E:/VisualStudioCode/STM32F1_HAL/Src\i2c.c ****   hi2c2.Init.AddressingMode = I2C_ADDRESSINGMODE_7BIT;
  49              		.loc 1 59 0
  50 0012 4FF48042 		mov	r2, #16384
  51 0016 0261     		str	r2, [r0, #16]
  60:E:/VisualStudioCode/STM32F1_HAL/Src\i2c.c ****   hi2c2.Init.DualAddressMode = I2C_DUALADDRESS_DISABLE;
  52              		.loc 1 60 0
  53 0018 4361     		str	r3, [r0, #20]
  61:E:/VisualStudioCode/STM32F1_HAL/Src\i2c.c ****   hi2c2.Init.OwnAddress2 = 0;
  54              		.loc 1 61 0
ARM GAS  C:\Users\ADMINI~1\AppData\Local\Temp\cczyNF8b.s 			page 3


  55 001a 8361     		str	r3, [r0, #24]
  62:E:/VisualStudioCode/STM32F1_HAL/Src\i2c.c ****   hi2c2.Init.GeneralCallMode = I2C_GENERALCALL_DISABLE;
  56              		.loc 1 62 0
  57 001c C361     		str	r3, [r0, #28]
  63:E:/VisualStudioCode/STM32F1_HAL/Src\i2c.c ****   hi2c2.Init.NoStretchMode = I2C_NOSTRETCH_DISABLE;
  58              		.loc 1 63 0
  59 001e 0362     		str	r3, [r0, #32]
  64:E:/VisualStudioCode/STM32F1_HAL/Src\i2c.c ****   if (HAL_I2C_Init(&hi2c2) != HAL_OK)
  60              		.loc 1 64 0
  61 0020 FFF7FEFF 		bl	HAL_I2C_Init
  62              	.LVL0:
  65:E:/VisualStudioCode/STM32F1_HAL/Src\i2c.c ****   {
  66:E:/VisualStudioCode/STM32F1_HAL/Src\i2c.c ****     //_Error_Handler(__FILE__, __LINE__);
  67:E:/VisualStudioCode/STM32F1_HAL/Src\i2c.c ****   }
  68:E:/VisualStudioCode/STM32F1_HAL/Src\i2c.c **** 
  69:E:/VisualStudioCode/STM32F1_HAL/Src\i2c.c **** }
  63              		.loc 1 69 0
  64 0024 08BD     		pop	{r3, pc}
  65              	.L4:
  66 0026 00BF     		.align	2
  67              	.L3:
  68 0028 00000000 		.word	.LANCHOR0
  69 002c 00580040 		.word	1073764352
  70 0030 A0860100 		.word	100000
  71              		.cfi_endproc
  72              	.LFE64:
  73              		.fnend
  75              		.section	.text.HAL_I2C_MspInit,"ax",%progbits
  76              		.align	1
  77              		.global	HAL_I2C_MspInit
  78              		.syntax unified
  79              		.thumb
  80              		.thumb_func
  81              		.fpu softvfp
  83              	HAL_I2C_MspInit:
  84              		.fnstart
  85              	.LFB65:
  70:E:/VisualStudioCode/STM32F1_HAL/Src\i2c.c **** 
  71:E:/VisualStudioCode/STM32F1_HAL/Src\i2c.c **** void HAL_I2C_MspInit(I2C_HandleTypeDef* i2cHandle)
  72:E:/VisualStudioCode/STM32F1_HAL/Src\i2c.c **** {
  86              		.loc 1 72 0
  87              		.cfi_startproc
  88              		@ args = 0, pretend = 0, frame = 24
  89              		@ frame_needed = 0, uses_anonymous_args = 0
  90              	.LVL1:
  91              	.LBB2:
  73:E:/VisualStudioCode/STM32F1_HAL/Src\i2c.c **** 
  74:E:/VisualStudioCode/STM32F1_HAL/Src\i2c.c ****   GPIO_InitTypeDef GPIO_InitStruct;
  75:E:/VisualStudioCode/STM32F1_HAL/Src\i2c.c ****   if(i2cHandle->Instance==I2C2)
  92              		.loc 1 75 0
  93 0000 0268     		ldr	r2, [r0]
  94 0002 134B     		ldr	r3, .L12
  95 0004 9A42     		cmp	r2, r3
  96 0006 00D0     		beq	.L11
  97 0008 7047     		bx	lr
  98              	.L11:
  99              	.LBE2:
ARM GAS  C:\Users\ADMINI~1\AppData\Local\Temp\cczyNF8b.s 			page 4


  72:E:/VisualStudioCode/STM32F1_HAL/Src\i2c.c **** 
 100              		.loc 1 72 0
 101 000a 10B5     		push	{r4, lr}
 102              		.save {r4, lr}
 103              	.LCFI1:
 104              		.cfi_def_cfa_offset 8
 105              		.cfi_offset 4, -8
 106              		.cfi_offset 14, -4
 107              		.pad #24
 108 000c 86B0     		sub	sp, sp, #24
 109              	.LCFI2:
 110              		.cfi_def_cfa_offset 32
 111              	.LBB6:
 112              	.LBB3:
 113              	.LBB4:
  76:E:/VisualStudioCode/STM32F1_HAL/Src\i2c.c ****   {
  77:E:/VisualStudioCode/STM32F1_HAL/Src\i2c.c ****   /* USER CODE BEGIN I2C2_MspInit 0 */
  78:E:/VisualStudioCode/STM32F1_HAL/Src\i2c.c **** 
  79:E:/VisualStudioCode/STM32F1_HAL/Src\i2c.c ****   /* USER CODE END I2C2_MspInit 0 */
  80:E:/VisualStudioCode/STM32F1_HAL/Src\i2c.c ****   
  81:E:/VisualStudioCode/STM32F1_HAL/Src\i2c.c **** 		__HAL_RCC_GPIOB_CLK_ENABLE();
 114              		.loc 1 81 0
 115 000e 114C     		ldr	r4, .L12+4
 116 0010 A369     		ldr	r3, [r4, #24]
 117 0012 43F00803 		orr	r3, r3, #8
 118 0016 A361     		str	r3, [r4, #24]
 119 0018 A369     		ldr	r3, [r4, #24]
 120 001a 03F00803 		and	r3, r3, #8
 121 001e 0093     		str	r3, [sp]
 122 0020 009B     		ldr	r3, [sp]
 123              	.LBE4:
  82:E:/VisualStudioCode/STM32F1_HAL/Src\i2c.c ****     /**I2C2 GPIO Configuration    
  83:E:/VisualStudioCode/STM32F1_HAL/Src\i2c.c ****     PB10     ------> I2C2_SCL
  84:E:/VisualStudioCode/STM32F1_HAL/Src\i2c.c ****     PB11     ------> I2C2_SDA 
  85:E:/VisualStudioCode/STM32F1_HAL/Src\i2c.c ****     */
  86:E:/VisualStudioCode/STM32F1_HAL/Src\i2c.c ****     GPIO_InitStruct.Pin = GPIO_PIN_10|GPIO_PIN_11;
 124              		.loc 1 86 0
 125 0022 4FF44063 		mov	r3, #3072
 126 0026 0293     		str	r3, [sp, #8]
  87:E:/VisualStudioCode/STM32F1_HAL/Src\i2c.c ****     GPIO_InitStruct.Mode = GPIO_MODE_AF_OD;
 127              		.loc 1 87 0
 128 0028 1223     		movs	r3, #18
 129 002a 0393     		str	r3, [sp, #12]
  88:E:/VisualStudioCode/STM32F1_HAL/Src\i2c.c ****     GPIO_InitStruct.Speed = GPIO_SPEED_FREQ_HIGH;
 130              		.loc 1 88 0
 131 002c 0323     		movs	r3, #3
 132 002e 0593     		str	r3, [sp, #20]
  89:E:/VisualStudioCode/STM32F1_HAL/Src\i2c.c ****     HAL_GPIO_Init(GPIOB, &GPIO_InitStruct);
 133              		.loc 1 89 0
 134 0030 02A9     		add	r1, sp, #8
 135 0032 0948     		ldr	r0, .L12+8
 136              	.LVL2:
 137 0034 FFF7FEFF 		bl	HAL_GPIO_Init
 138              	.LVL3:
 139              	.LBB5:
  90:E:/VisualStudioCode/STM32F1_HAL/Src\i2c.c **** 
  91:E:/VisualStudioCode/STM32F1_HAL/Src\i2c.c ****     /* I2C2 clock enable */
ARM GAS  C:\Users\ADMINI~1\AppData\Local\Temp\cczyNF8b.s 			page 5


  92:E:/VisualStudioCode/STM32F1_HAL/Src\i2c.c ****     __HAL_RCC_I2C2_CLK_ENABLE();
 140              		.loc 1 92 0
 141 0038 E369     		ldr	r3, [r4, #28]
 142 003a 43F48003 		orr	r3, r3, #4194304
 143 003e E361     		str	r3, [r4, #28]
 144 0040 E369     		ldr	r3, [r4, #28]
 145 0042 03F48003 		and	r3, r3, #4194304
 146 0046 0193     		str	r3, [sp, #4]
 147 0048 019B     		ldr	r3, [sp, #4]
 148              	.LBE5:
 149              	.LBE3:
 150              	.LBE6:
  93:E:/VisualStudioCode/STM32F1_HAL/Src\i2c.c ****   /* USER CODE BEGIN I2C2_MspInit 1 */
  94:E:/VisualStudioCode/STM32F1_HAL/Src\i2c.c **** 
  95:E:/VisualStudioCode/STM32F1_HAL/Src\i2c.c ****   /* USER CODE END I2C2_MspInit 1 */
  96:E:/VisualStudioCode/STM32F1_HAL/Src\i2c.c ****   }
  97:E:/VisualStudioCode/STM32F1_HAL/Src\i2c.c **** }
 151              		.loc 1 97 0
 152 004a 06B0     		add	sp, sp, #24
 153              	.LCFI3:
 154              		.cfi_def_cfa_offset 8
 155              		@ sp needed
 156 004c 10BD     		pop	{r4, pc}
 157              	.L13:
 158 004e 00BF     		.align	2
 159              	.L12:
 160 0050 00580040 		.word	1073764352
 161 0054 00100240 		.word	1073876992
 162 0058 000C0140 		.word	1073810432
 163              		.cfi_endproc
 164              	.LFE65:
 165              		.fnend
 167              		.section	.text.HAL_I2C_MspDeInit,"ax",%progbits
 168              		.align	1
 169              		.global	HAL_I2C_MspDeInit
 170              		.syntax unified
 171              		.thumb
 172              		.thumb_func
 173              		.fpu softvfp
 175              	HAL_I2C_MspDeInit:
 176              		.fnstart
 177              	.LFB66:
  98:E:/VisualStudioCode/STM32F1_HAL/Src\i2c.c **** 
  99:E:/VisualStudioCode/STM32F1_HAL/Src\i2c.c **** void HAL_I2C_MspDeInit(I2C_HandleTypeDef* i2cHandle)
 100:E:/VisualStudioCode/STM32F1_HAL/Src\i2c.c **** {
 178              		.loc 1 100 0
 179              		.cfi_startproc
 180              		@ args = 0, pretend = 0, frame = 0
 181              		@ frame_needed = 0, uses_anonymous_args = 0
 182              	.LVL4:
 183 0000 08B5     		push	{r3, lr}
 184              		.save {r3, lr}
 185              	.LCFI4:
 186              		.cfi_def_cfa_offset 8
 187              		.cfi_offset 3, -8
 188              		.cfi_offset 14, -4
 101:E:/VisualStudioCode/STM32F1_HAL/Src\i2c.c **** 
ARM GAS  C:\Users\ADMINI~1\AppData\Local\Temp\cczyNF8b.s 			page 6


 102:E:/VisualStudioCode/STM32F1_HAL/Src\i2c.c ****   if(i2cHandle->Instance==I2C2)
 189              		.loc 1 102 0
 190 0002 0268     		ldr	r2, [r0]
 191 0004 074B     		ldr	r3, .L18
 192 0006 9A42     		cmp	r2, r3
 193 0008 00D0     		beq	.L17
 194              	.LVL5:
 195              	.L14:
 103:E:/VisualStudioCode/STM32F1_HAL/Src\i2c.c ****   {
 104:E:/VisualStudioCode/STM32F1_HAL/Src\i2c.c ****   /* USER CODE BEGIN I2C2_MspDeInit 0 */
 105:E:/VisualStudioCode/STM32F1_HAL/Src\i2c.c **** 
 106:E:/VisualStudioCode/STM32F1_HAL/Src\i2c.c ****   /* USER CODE END I2C2_MspDeInit 0 */
 107:E:/VisualStudioCode/STM32F1_HAL/Src\i2c.c ****     /* Peripheral clock disable */
 108:E:/VisualStudioCode/STM32F1_HAL/Src\i2c.c ****     __HAL_RCC_I2C2_CLK_DISABLE();
 109:E:/VisualStudioCode/STM32F1_HAL/Src\i2c.c ****   
 110:E:/VisualStudioCode/STM32F1_HAL/Src\i2c.c ****     /**I2C2 GPIO Configuration    
 111:E:/VisualStudioCode/STM32F1_HAL/Src\i2c.c ****     PB10     ------> I2C2_SCL
 112:E:/VisualStudioCode/STM32F1_HAL/Src\i2c.c ****     PB11     ------> I2C2_SDA 
 113:E:/VisualStudioCode/STM32F1_HAL/Src\i2c.c ****     */
 114:E:/VisualStudioCode/STM32F1_HAL/Src\i2c.c ****     HAL_GPIO_DeInit(GPIOB, GPIO_PIN_10|GPIO_PIN_11);
 115:E:/VisualStudioCode/STM32F1_HAL/Src\i2c.c **** 
 116:E:/VisualStudioCode/STM32F1_HAL/Src\i2c.c ****   /* USER CODE BEGIN I2C2_MspDeInit 1 */
 117:E:/VisualStudioCode/STM32F1_HAL/Src\i2c.c **** 
 118:E:/VisualStudioCode/STM32F1_HAL/Src\i2c.c ****   /* USER CODE END I2C2_MspDeInit 1 */
 119:E:/VisualStudioCode/STM32F1_HAL/Src\i2c.c ****   }
 120:E:/VisualStudioCode/STM32F1_HAL/Src\i2c.c **** } 
 196              		.loc 1 120 0
 197 000a 08BD     		pop	{r3, pc}
 198              	.LVL6:
 199              	.L17:
 108:E:/VisualStudioCode/STM32F1_HAL/Src\i2c.c ****   
 200              		.loc 1 108 0
 201 000c 064A     		ldr	r2, .L18+4
 202 000e D369     		ldr	r3, [r2, #28]
 203 0010 23F48003 		bic	r3, r3, #4194304
 204 0014 D361     		str	r3, [r2, #28]
 114:E:/VisualStudioCode/STM32F1_HAL/Src\i2c.c **** 
 205              		.loc 1 114 0
 206 0016 4FF44061 		mov	r1, #3072
 207 001a 0448     		ldr	r0, .L18+8
 208              	.LVL7:
 209 001c FFF7FEFF 		bl	HAL_GPIO_DeInit
 210              	.LVL8:
 211              		.loc 1 120 0
 212 0020 F3E7     		b	.L14
 213              	.L19:
 214 0022 00BF     		.align	2
 215              	.L18:
 216 0024 00580040 		.word	1073764352
 217 0028 00100240 		.word	1073876992
 218 002c 000C0140 		.word	1073810432
 219              		.cfi_endproc
 220              	.LFE66:
 221              		.fnend
 223              		.global	hi2c2
 224              		.section	.bss.hi2c2,"aw",%nobits
 225              		.align	2
ARM GAS  C:\Users\ADMINI~1\AppData\Local\Temp\cczyNF8b.s 			page 7


 226              		.set	.LANCHOR0,. + 0
 229              	hi2c2:
 230 0000 00000000 		.space	84
 230      00000000 
 230      00000000 
 230      00000000 
 230      00000000 
 231              		.text
 232              	.Letext0:
 233              		.file 2 "e:\\visualstudiocode\\gcc-arm-none-eabi\\arm-none-eabi\\include\\machine\\_default_types.
 234              		.file 3 "e:\\visualstudiocode\\gcc-arm-none-eabi\\arm-none-eabi\\include\\sys\\_stdint.h"
 235              		.file 4 "E:/VisualStudioCode/STM32F1_HAL/Drivers/CMSIS/Include/core_cm3.h"
 236              		.file 5 "E:/VisualStudioCode/STM32F1_HAL/Drivers/CMSIS/Device/ST/STM32F1xx/Include/system_stm32f1x
 237              		.file 6 "E:/VisualStudioCode/STM32F1_HAL/Drivers/CMSIS/Device/ST/STM32F1xx/Include/stm32f103xb.h"
 238              		.file 7 "E:/VisualStudioCode/STM32F1_HAL/Drivers/CMSIS/Device/ST/STM32F1xx/Include/stm32f1xx.h"
 239              		.file 8 "e:\\visualstudiocode\\gcc-arm-none-eabi\\arm-none-eabi\\include\\sys\\lock.h"
 240              		.file 9 "e:\\visualstudiocode\\gcc-arm-none-eabi\\arm-none-eabi\\include\\sys\\_types.h"
 241              		.file 10 "e:\\visualstudiocode\\gcc-arm-none-eabi\\lib\\gcc\\arm-none-eabi\\7.2.1\\include\\stddef
 242              		.file 11 "e:\\visualstudiocode\\gcc-arm-none-eabi\\arm-none-eabi\\include\\sys\\reent.h"
 243              		.file 12 "E:/VisualStudioCode/STM32F1_HAL/Drivers/STM32F1xx_HAL_Driver/Inc/stm32f1xx_hal_def.h"
 244              		.file 13 "E:/VisualStudioCode/STM32F1_HAL/Drivers/STM32F1xx_HAL_Driver/Inc/stm32f1xx_hal_gpio.h"
 245              		.file 14 "E:/VisualStudioCode/STM32F1_HAL/Drivers/STM32F1xx_HAL_Driver/Inc/stm32f1xx_hal_dma.h"
 246              		.file 15 "E:/VisualStudioCode/STM32F1_HAL/Drivers/STM32F1xx_HAL_Driver/Inc/stm32f1xx_hal_i2c.h"
 247              		.file 16 "E:/VisualStudioCode/STM32F1_HAL/Drivers/STM32F1xx_HAL_Driver/Inc/stm32f1xx_hal.h"
 248              		.file 17 "E:/VisualStudioCode/STM32F1_HAL/Src/Inc/i2c.h"
ARM GAS  C:\Users\ADMINI~1\AppData\Local\Temp\cczyNF8b.s 			page 8


DEFINED SYMBOLS
                            *ABS*:00000000 i2c.c
C:\Users\ADMINI~1\AppData\Local\Temp\cczyNF8b.s:16     .text.MX_I2C2_Init:00000000 $t
C:\Users\ADMINI~1\AppData\Local\Temp\cczyNF8b.s:23     .text.MX_I2C2_Init:00000000 MX_I2C2_Init
C:\Users\ADMINI~1\AppData\Local\Temp\cczyNF8b.s:68     .text.MX_I2C2_Init:00000028 $d
     .ARM.extab.text.MX_I2C2_Init:00000000 $d
     .ARM.exidx.text.MX_I2C2_Init:00000000 $d
C:\Users\ADMINI~1\AppData\Local\Temp\cczyNF8b.s:76     .text.HAL_I2C_MspInit:00000000 $t
C:\Users\ADMINI~1\AppData\Local\Temp\cczyNF8b.s:83     .text.HAL_I2C_MspInit:00000000 HAL_I2C_MspInit
C:\Users\ADMINI~1\AppData\Local\Temp\cczyNF8b.s:160    .text.HAL_I2C_MspInit:00000050 $d
  .ARM.exidx.text.HAL_I2C_MspInit:00000000 $d
C:\Users\ADMINI~1\AppData\Local\Temp\cczyNF8b.s:168    .text.HAL_I2C_MspDeInit:00000000 $t
C:\Users\ADMINI~1\AppData\Local\Temp\cczyNF8b.s:175    .text.HAL_I2C_MspDeInit:00000000 HAL_I2C_MspDeInit
C:\Users\ADMINI~1\AppData\Local\Temp\cczyNF8b.s:216    .text.HAL_I2C_MspDeInit:00000024 $d
.ARM.extab.text.HAL_I2C_MspDeInit:00000000 $d
.ARM.exidx.text.HAL_I2C_MspDeInit:00000000 $d
C:\Users\ADMINI~1\AppData\Local\Temp\cczyNF8b.s:229    .bss.hi2c2:00000000 hi2c2
C:\Users\ADMINI~1\AppData\Local\Temp\cczyNF8b.s:225    .bss.hi2c2:00000000 $d

UNDEFINED SYMBOLS
HAL_I2C_Init
__aeabi_unwind_cpp_pr1
HAL_GPIO_Init
__aeabi_unwind_cpp_pr0
HAL_GPIO_DeInit
