ARM GAS  C:\Users\ADMINI~1\AppData\Local\Temp\ccL4HDvX.s 			page 1


   1              		.cpu cortex-m3
   2              		.eabi_attribute 20, 1
   3              		.eabi_attribute 21, 1
   4              		.eabi_attribute 23, 3
   5              		.eabi_attribute 24, 1
   6              		.eabi_attribute 25, 1
   7              		.eabi_attribute 26, 1
   8              		.eabi_attribute 30, 1
   9              		.eabi_attribute 34, 1
  10              		.eabi_attribute 18, 4
  11              		.file	"main.cpp"
  12              		.text
  13              	.Ltext0:
  14              		.cfi_sections	.debug_frame
  15              		.section	.text._Z41__static_initialization_and_destruction_0ii,"ax",%progbits
  16              		.align	1
  17              		.syntax unified
  18              		.thumb
  19              		.thumb_func
  20              		.fpu softvfp
  22              	_Z41__static_initialization_and_destruction_0ii:
  23              		.fnstart
  24              	.LFB85:
  25              		.file 1 "E:/VisualStudioCode/STM32F1_HAL/APP/main.cpp"
   1:E:/VisualStudioCode/STM32F1_HAL/APP\main.cpp **** 
   2:E:/VisualStudioCode/STM32F1_HAL/APP\main.cpp **** /* Includes ------------------------------------------------------------------*/
   3:E:/VisualStudioCode/STM32F1_HAL/APP\main.cpp **** 
   4:E:/VisualStudioCode/STM32F1_HAL/APP\main.cpp **** #include "stm32f1xx_hal.h"
   5:E:/VisualStudioCode/STM32F1_HAL/APP\main.cpp **** 
   6:E:/VisualStudioCode/STM32F1_HAL/APP\main.cpp **** #include <main.h>
   7:E:/VisualStudioCode/STM32F1_HAL/APP\main.cpp **** #include "usart.h"
   8:E:/VisualStudioCode/STM32F1_HAL/APP\main.cpp **** #include "i2c.h"
   9:E:/VisualStudioCode/STM32F1_HAL/APP\main.cpp **** 
  10:E:/VisualStudioCode/STM32F1_HAL/APP\main.cpp **** #include "led.h"
  11:E:/VisualStudioCode/STM32F1_HAL/APP\main.cpp **** 
  12:E:/VisualStudioCode/STM32F1_HAL/APP\main.cpp **** #include "serial.h"
  13:E:/VisualStudioCode/STM32F1_HAL/APP\main.cpp **** 
  14:E:/VisualStudioCode/STM32F1_HAL/APP\main.cpp **** /* Private variables ---------------------------------------------------------*/
  15:E:/VisualStudioCode/STM32F1_HAL/APP\main.cpp **** 
  16:E:/VisualStudioCode/STM32F1_HAL/APP\main.cpp **** //LED_Class led;
  17:E:/VisualStudioCode/STM32F1_HAL/APP\main.cpp **** 
  18:E:/VisualStudioCode/STM32F1_HAL/APP\main.cpp **** /* Private function prototypes -----------------------------------------------*/
  19:E:/VisualStudioCode/STM32F1_HAL/APP\main.cpp **** 
  20:E:/VisualStudioCode/STM32F1_HAL/APP\main.cpp **** /**
  21:E:/VisualStudioCode/STM32F1_HAL/APP\main.cpp ****   * @brief  The application entry point.
  22:E:/VisualStudioCode/STM32F1_HAL/APP\main.cpp ****   *
  23:E:/VisualStudioCode/STM32F1_HAL/APP\main.cpp ****   * @retval None
  24:E:/VisualStudioCode/STM32F1_HAL/APP\main.cpp ****   */
  25:E:/VisualStudioCode/STM32F1_HAL/APP\main.cpp **** int main(void)
  26:E:/VisualStudioCode/STM32F1_HAL/APP\main.cpp **** {
  27:E:/VisualStudioCode/STM32F1_HAL/APP\main.cpp **** 
  28:E:/VisualStudioCode/STM32F1_HAL/APP\main.cpp ****   /* MCU Configuration----------------------------------------------------------*/
  29:E:/VisualStudioCode/STM32F1_HAL/APP\main.cpp ****   /* Reset of all peripherals, Initializes the Flash interface and the Systick. */
  30:E:/VisualStudioCode/STM32F1_HAL/APP\main.cpp ****   HAL_Init();
  31:E:/VisualStudioCode/STM32F1_HAL/APP\main.cpp ****   /* Configure the system clock */
  32:E:/VisualStudioCode/STM32F1_HAL/APP\main.cpp ****   SystemClock_Config();
  33:E:/VisualStudioCode/STM32F1_HAL/APP\main.cpp ****   /* Initialize all configured peripherals */
ARM GAS  C:\Users\ADMINI~1\AppData\Local\Temp\ccL4HDvX.s 			page 2


  34:E:/VisualStudioCode/STM32F1_HAL/APP\main.cpp ****   MX_USART1_UART_Init(UART_BAUDTATE);
  35:E:/VisualStudioCode/STM32F1_HAL/APP\main.cpp ****   MX_I2C2_Init();
  36:E:/VisualStudioCode/STM32F1_HAL/APP\main.cpp ****   /* Initialize all configured peripherals */
  37:E:/VisualStudioCode/STM32F1_HAL/APP\main.cpp ****   test0();
  38:E:/VisualStudioCode/STM32F1_HAL/APP\main.cpp **** }
  39:E:/VisualStudioCode/STM32F1_HAL/APP\main.cpp **** 
  40:E:/VisualStudioCode/STM32F1_HAL/APP\main.cpp **** void test0()
  41:E:/VisualStudioCode/STM32F1_HAL/APP\main.cpp **** {
  42:E:/VisualStudioCode/STM32F1_HAL/APP\main.cpp **** 
  43:E:/VisualStudioCode/STM32F1_HAL/APP\main.cpp ****   float f = 0u;
  44:E:/VisualStudioCode/STM32F1_HAL/APP\main.cpp ****   uint8_t data[200];
  45:E:/VisualStudioCode/STM32F1_HAL/APP\main.cpp ****   while (1)
  46:E:/VisualStudioCode/STM32F1_HAL/APP\main.cpp ****   {
  47:E:/VisualStudioCode/STM32F1_HAL/APP\main.cpp ****     LED_CHANGE;
  48:E:/VisualStudioCode/STM32F1_HAL/APP\main.cpp ****     HAL_Delay(100);
  49:E:/VisualStudioCode/STM32F1_HAL/APP\main.cpp ****     printf("printf int %4d float %4.6f\r\n", (int)f, f);
  50:E:/VisualStudioCode/STM32F1_HAL/APP\main.cpp ****     serial("serial int %4d float %4.6f\r\n", (int)f, f);
  51:E:/VisualStudioCode/STM32F1_HAL/APP\main.cpp ****     f += 0.000001;
  52:E:/VisualStudioCode/STM32F1_HAL/APP\main.cpp ****     if (HAL_UART_Receive_DMA(&huart1, data, 198) == HAL_OK)
  53:E:/VisualStudioCode/STM32F1_HAL/APP\main.cpp ****     {
  54:E:/VisualStudioCode/STM32F1_HAL/APP\main.cpp ****       //printf("HAL_UART_Receive_DMA\r\n%s\r\n", data);
  55:E:/VisualStudioCode/STM32F1_HAL/APP\main.cpp ****       serial("HAL_UART_Receive_DMA\r\n%s\r\n", data);
  56:E:/VisualStudioCode/STM32F1_HAL/APP\main.cpp ****     }
  57:E:/VisualStudioCode/STM32F1_HAL/APP\main.cpp ****   }
  58:E:/VisualStudioCode/STM32F1_HAL/APP\main.cpp **** }
  26              		.loc 1 58 0
  27              		.cfi_startproc
  28              		@ args = 0, pretend = 0, frame = 24
  29              		@ frame_needed = 0, uses_anonymous_args = 0
  30              	.LVL0:
  31 0000 0128     		cmp	r0, #1
  32 0002 00D0     		beq	.L7
  33              	.L4:
  34 0004 7047     		bx	lr
  35              	.L7:
  36              		.loc 1 58 0 is_stmt 0 discriminator 1
  37 0006 4FF6FF73 		movw	r3, #65535
  38 000a 9942     		cmp	r1, r3
  39 000c FAD1     		bne	.L4
  40              		.loc 1 58 0
  41 000e 30B5     		push	{r4, r5, lr}
  42              	.LCFI0:
  43              		.cfi_def_cfa_offset 12
  44              		.cfi_offset 4, -12
  45              		.cfi_offset 5, -8
  46              		.cfi_offset 14, -4
  47 0010 87B0     		sub	sp, sp, #28
  48              	.LCFI1:
  49              		.cfi_def_cfa_offset 40
  50              	.LVL1:
  51              	.LBB19:
  52              	.LBB20:
  53              	.LBB21:
  54              	.LBB22:
  55              		.file 2 "E:/VisualStudioCode/STM32F1_HAL/APP/led.h"
   1:E:/VisualStudioCode/STM32F1_HAL/APP\led.h **** 
   2:E:/VisualStudioCode/STM32F1_HAL/APP\led.h **** 
ARM GAS  C:\Users\ADMINI~1\AppData\Local\Temp\ccL4HDvX.s 			page 3


   3:E:/VisualStudioCode/STM32F1_HAL/APP\led.h **** /* Define to prevent recursive inclusion -------------------------------------*/
   4:E:/VisualStudioCode/STM32F1_HAL/APP\led.h **** #ifndef _LED_H
   5:E:/VisualStudioCode/STM32F1_HAL/APP\led.h **** #define _LED_H
   6:E:/VisualStudioCode/STM32F1_HAL/APP\led.h **** 
   7:E:/VisualStudioCode/STM32F1_HAL/APP\led.h **** /* Includes ------------------------------------------------------------------*/
   8:E:/VisualStudioCode/STM32F1_HAL/APP\led.h **** #include "stm32f1xx_hal.h"
   9:E:/VisualStudioCode/STM32F1_HAL/APP\led.h **** 
  10:E:/VisualStudioCode/STM32F1_HAL/APP\led.h **** #define LED_GPIO   				GPIOB
  11:E:/VisualStudioCode/STM32F1_HAL/APP\led.h **** #define LED_PIN     			GPIO_PIN_9
  12:E:/VisualStudioCode/STM32F1_HAL/APP\led.h **** #define LED_GPIO_CLK_ENABLE     __HAL_RCC_GPIOB_CLK_ENABLE()
  13:E:/VisualStudioCode/STM32F1_HAL/APP\led.h **** 
  14:E:/VisualStudioCode/STM32F1_HAL/APP\led.h **** class Led_Class
  15:E:/VisualStudioCode/STM32F1_HAL/APP\led.h **** {
  16:E:/VisualStudioCode/STM32F1_HAL/APP\led.h **** 		
  17:E:/VisualStudioCode/STM32F1_HAL/APP\led.h **** 	GPIO_TypeDef * 	GPIOx;
  18:E:/VisualStudioCode/STM32F1_HAL/APP\led.h **** 	uint16_t 				PIN_x;
  19:E:/VisualStudioCode/STM32F1_HAL/APP\led.h **** 	GPIO_PinState 	state;	
  20:E:/VisualStudioCode/STM32F1_HAL/APP\led.h **** 	public:
  21:E:/VisualStudioCode/STM32F1_HAL/APP\led.h **** 		Led_Class(GPIO_TypeDef* GPIOx = LED_GPIO,uint16_t PIN_x = LED_PIN)
  22:E:/VisualStudioCode/STM32F1_HAL/APP\led.h **** 		{			
  23:E:/VisualStudioCode/STM32F1_HAL/APP\led.h **** 			Init(GPIOx,PIN_x);
  24:E:/VisualStudioCode/STM32F1_HAL/APP\led.h **** 		}
  25:E:/VisualStudioCode/STM32F1_HAL/APP\led.h **** 		void Init(GPIO_TypeDef* GPIOx,uint16_t PIN_x){
  26:E:/VisualStudioCode/STM32F1_HAL/APP\led.h **** 		
  27:E:/VisualStudioCode/STM32F1_HAL/APP\led.h **** 			GPIO_InitTypeDef GPIO_InitStruct;
  28:E:/VisualStudioCode/STM32F1_HAL/APP\led.h **** 
  29:E:/VisualStudioCode/STM32F1_HAL/APP\led.h **** 			this->GPIOx = GPIOx;
  56              		.loc 2 29 0 is_stmt 1
  57 0012 124B     		ldr	r3, .L8
  58 0014 124C     		ldr	r4, .L8+4
  59 0016 1C60     		str	r4, [r3]
  30:E:/VisualStudioCode/STM32F1_HAL/APP\led.h **** 			this->PIN_x = PIN_x;
  60              		.loc 2 30 0
  61 0018 4FF40075 		mov	r5, #512
  62 001c 9D80     		strh	r5, [r3, #4]	@ movhi
  63              	.LBB23:
  31:E:/VisualStudioCode/STM32F1_HAL/APP\led.h **** 			/* GPIO Ports Clock Enable */
  32:E:/VisualStudioCode/STM32F1_HAL/APP\led.h **** 			//__HAL_RCC_GPIOC_CLK_ENABLE();  
  33:E:/VisualStudioCode/STM32F1_HAL/APP\led.h **** 			LED_GPIO_CLK_ENABLE;
  64              		.loc 2 33 0
  65 001e 114B     		ldr	r3, .L8+8
  66 0020 9A69     		ldr	r2, [r3, #24]
  67 0022 42F00802 		orr	r2, r2, #8
  68 0026 9A61     		str	r2, [r3, #24]
  69 0028 9B69     		ldr	r3, [r3, #24]
  70 002a 03F00803 		and	r3, r3, #8
  71 002e 0193     		str	r3, [sp, #4]
  72 0030 019B     		ldr	r3, [sp, #4]
  73              	.LBE23:
  34:E:/VisualStudioCode/STM32F1_HAL/APP\led.h **** 			/*Configure GPIO pin Output Level */
  35:E:/VisualStudioCode/STM32F1_HAL/APP\led.h **** 			HAL_GPIO_WritePin(GPIOx, PIN_x, GPIO_PIN_RESET);
  74              		.loc 2 35 0
  75 0032 0022     		movs	r2, #0
  76 0034 2946     		mov	r1, r5
  77              	.LVL2:
  78 0036 2046     		mov	r0, r4
  79              	.LVL3:
ARM GAS  C:\Users\ADMINI~1\AppData\Local\Temp\ccL4HDvX.s 			page 4


  80 0038 FFF7FEFF 		bl	HAL_GPIO_WritePin
  81              	.LVL4:
  36:E:/VisualStudioCode/STM32F1_HAL/APP\led.h **** 
  37:E:/VisualStudioCode/STM32F1_HAL/APP\led.h **** 			/*Configure GPIO pin : PC2 */
  38:E:/VisualStudioCode/STM32F1_HAL/APP\led.h **** 			GPIO_InitStruct.Pin = PIN_x;
  82              		.loc 2 38 0
  83 003c 0295     		str	r5, [sp, #8]
  39:E:/VisualStudioCode/STM32F1_HAL/APP\led.h **** 			GPIO_InitStruct.Mode = GPIO_MODE_OUTPUT_PP;
  84              		.loc 2 39 0
  85 003e 0123     		movs	r3, #1
  86 0040 0393     		str	r3, [sp, #12]
  40:E:/VisualStudioCode/STM32F1_HAL/APP\led.h **** 			GPIO_InitStruct.Pull = GPIO_PULLDOWN;
  87              		.loc 2 40 0
  88 0042 0223     		movs	r3, #2
  89 0044 0493     		str	r3, [sp, #16]
  41:E:/VisualStudioCode/STM32F1_HAL/APP\led.h **** 			GPIO_InitStruct.Speed = GPIO_SPEED_FREQ_HIGH;
  90              		.loc 2 41 0
  91 0046 0323     		movs	r3, #3
  92 0048 0593     		str	r3, [sp, #20]
  42:E:/VisualStudioCode/STM32F1_HAL/APP\led.h **** 			HAL_GPIO_Init(GPIOx, &GPIO_InitStruct);	
  93              		.loc 2 42 0
  94 004a 02A9     		add	r1, sp, #8
  95 004c 2046     		mov	r0, r4
  96 004e FFF7FEFF 		bl	HAL_GPIO_Init
  97              	.LVL5:
  98              	.LBE22:
  99              	.LBE21:
 100              	.LBE20:
 101              	.LBE19:
 102              	.LBB24:
 103              	.LBB25:
 104              	.LBB26:
 105              		.file 3 "E:/VisualStudioCode/STM32F1_HAL/APP/serial.h"
   1:E:/VisualStudioCode/STM32F1_HAL/APP\serial.h **** 
   2:E:/VisualStudioCode/STM32F1_HAL/APP\serial.h **** 
   3:E:/VisualStudioCode/STM32F1_HAL/APP\serial.h **** /* Define to prevent recursive inclusion -------------------------------------*/
   4:E:/VisualStudioCode/STM32F1_HAL/APP\serial.h **** #ifndef _SERIAL_CCLASS_H
   5:E:/VisualStudioCode/STM32F1_HAL/APP\serial.h **** #define _SERIAL_CCLASS_H
   6:E:/VisualStudioCode/STM32F1_HAL/APP\serial.h **** 
   7:E:/VisualStudioCode/STM32F1_HAL/APP\serial.h **** /* Includes ------------------------------------------------------------------*/
   8:E:/VisualStudioCode/STM32F1_HAL/APP\serial.h **** #include "stm32f1xx_hal.h"
   9:E:/VisualStudioCode/STM32F1_HAL/APP\serial.h **** #include "usart.h"
  10:E:/VisualStudioCode/STM32F1_HAL/APP\serial.h **** #include <stdio.h>
  11:E:/VisualStudioCode/STM32F1_HAL/APP\serial.h **** #include <stdarg.h>
  12:E:/VisualStudioCode/STM32F1_HAL/APP\serial.h **** #include <string.h>
  13:E:/VisualStudioCode/STM32F1_HAL/APP\serial.h **** #include <stdlib.h>
  14:E:/VisualStudioCode/STM32F1_HAL/APP\serial.h **** 
  15:E:/VisualStudioCode/STM32F1_HAL/APP\serial.h **** #define SERIAL_BUFFER_SIZE 256
  16:E:/VisualStudioCode/STM32F1_HAL/APP\serial.h **** 
  17:E:/VisualStudioCode/STM32F1_HAL/APP\serial.h **** class Serial_Class
  18:E:/VisualStudioCode/STM32F1_HAL/APP\serial.h **** {
  19:E:/VisualStudioCode/STM32F1_HAL/APP\serial.h ****   public:
  20:E:/VisualStudioCode/STM32F1_HAL/APP\serial.h **** 	UART_HandleTypeDef *uart;
  21:E:/VisualStudioCode/STM32F1_HAL/APP\serial.h **** 	char buffer[SERIAL_BUFFER_SIZE];
  22:E:/VisualStudioCode/STM32F1_HAL/APP\serial.h **** 	int length;
  23:E:/VisualStudioCode/STM32F1_HAL/APP\serial.h **** 	int index;
  24:E:/VisualStudioCode/STM32F1_HAL/APP\serial.h **** 
ARM GAS  C:\Users\ADMINI~1\AppData\Local\Temp\ccL4HDvX.s 			page 5


  25:E:/VisualStudioCode/STM32F1_HAL/APP\serial.h **** 	uint8_t SendData()
  26:E:/VisualStudioCode/STM32F1_HAL/APP\serial.h **** 	{
  27:E:/VisualStudioCode/STM32F1_HAL/APP\serial.h **** 		if (length > SERIAL_BUFFER_SIZE)
  28:E:/VisualStudioCode/STM32F1_HAL/APP\serial.h **** 			length = SERIAL_BUFFER_SIZE;
  29:E:/VisualStudioCode/STM32F1_HAL/APP\serial.h **** 		return HAL_UART_Transmit(this->uart, (uint8_t *)buffer, length, 0xfff);
  30:E:/VisualStudioCode/STM32F1_HAL/APP\serial.h **** 	}
  31:E:/VisualStudioCode/STM32F1_HAL/APP\serial.h **** 
  32:E:/VisualStudioCode/STM32F1_HAL/APP\serial.h ****   public:
  33:E:/VisualStudioCode/STM32F1_HAL/APP\serial.h **** 	Serial_Class(UART_HandleTypeDef *uart = &huart1)
  34:E:/VisualStudioCode/STM32F1_HAL/APP\serial.h **** 	{
  35:E:/VisualStudioCode/STM32F1_HAL/APP\serial.h **** 		this->uart = uart;
 106              		.loc 3 35 0
 107 0052 054B     		ldr	r3, .L8+12
 108 0054 054A     		ldr	r2, .L8+16
 109 0056 1A60     		str	r2, [r3]
 110              	.LBE26:
 111              	.LBE25:
 112              	.LBE24:
 113              		.loc 1 58 0
 114 0058 07B0     		add	sp, sp, #28
 115              	.LCFI2:
 116              		.cfi_def_cfa_offset 12
 117              		@ sp needed
 118 005a 30BD     		pop	{r4, r5, pc}
 119              	.L9:
 120              		.align	2
 121              	.L8:
 122 005c 00000000 		.word	.LANCHOR0
 123 0060 000C0140 		.word	1073810432
 124 0064 00100240 		.word	1073876992
 125 0068 00000000 		.word	.LANCHOR1
 126 006c 00000000 		.word	huart1
 127              		.cfi_endproc
 128              	.LFE85:
 129              		.cantunwind
 130              		.fnend
 132              		.section	.text._ZN12Serial_Class6PrintfEPKcz,"axG",%progbits,_ZN12Serial_Class6PrintfEPKcz,comdat
 133              		.align	1
 134              		.weak	_ZN12Serial_Class6PrintfEPKcz
 135              		.syntax unified
 136              		.thumb
 137              		.thumb_func
 138              		.fpu softvfp
 140              	_ZN12Serial_Class6PrintfEPKcz:
 141              		.fnstart
 142              	.LFB81:
  36:E:/VisualStudioCode/STM32F1_HAL/APP\serial.h **** 	}
  37:E:/VisualStudioCode/STM32F1_HAL/APP\serial.h **** 	void Printf(const char *fmt, ...)
 143              		.loc 3 37 0
 144              		.cfi_startproc
 145              		@ args = 4, pretend = 12, frame = 8
 146              		@ frame_needed = 0, uses_anonymous_args = 1
 147              	.LVL6:
 148 0000 0EB4     		push	{r1, r2, r3}
 149              		.save {r1, r2, r3}
 150              	.LCFI3:
 151              		.cfi_def_cfa_offset 12
ARM GAS  C:\Users\ADMINI~1\AppData\Local\Temp\ccL4HDvX.s 			page 6


 152              		.cfi_offset 1, -12
 153              		.cfi_offset 2, -8
 154              		.cfi_offset 3, -4
 155 0002 10B5     		push	{r4, lr}
 156              		.save {r4, lr}
 157              	.LCFI4:
 158              		.cfi_def_cfa_offset 20
 159              		.cfi_offset 4, -20
 160              		.cfi_offset 14, -16
 161              		.pad #12
 162 0004 83B0     		sub	sp, sp, #12
 163              	.LCFI5:
 164              		.cfi_def_cfa_offset 32
 165 0006 0446     		mov	r4, r0
 166 0008 05AB     		add	r3, sp, #20
 167 000a 53F8042B 		ldr	r2, [r3], #4
  38:E:/VisualStudioCode/STM32F1_HAL/APP\serial.h **** 	{
  39:E:/VisualStudioCode/STM32F1_HAL/APP\serial.h **** 
  40:E:/VisualStudioCode/STM32F1_HAL/APP\serial.h **** 		va_list ap;												 //typedef char *va_list; va_listÊòØcharÂûãÁöÑÊåáÈíà
  41:E:/VisualStudioCode/STM32F1_HAL/APP\serial.h **** 		va_start(ap, fmt);										 //Ëøô‰∏™ÂáΩÊï∞ÁöÑÂäüËÉΩÊòØÔºåÊâæÂà∞Á¨¨‰∏Ä‰∏™ÂèØÂèòÂΩ¢ÂèÇÁöÑÂú∞ÂùÄÔºå
 168              		.loc 3 41 0
 169 000e 0193     		str	r3, [sp, #4]
  42:E:/VisualStudioCode/STM32F1_HAL/APP\serial.h **** 		length = vsnprintf(buffer, SERIAL_BUFFER_SIZE, fmt, ap); //ÂÖ∂ÂÆûËøô‰∏™ÂáΩÊï∞ÊâçÊòØÊ†∏ÂøÉÂáΩÊï∞Ôº
 170              		.loc 3 42 0
 171 0010 4FF48071 		mov	r1, #256
 172 0014 0430     		adds	r0, r0, #4
 173              	.LVL7:
 174 0016 FFF7FEFF 		bl	vsnprintf
 175              	.LVL8:
 176 001a C4F80401 		str	r0, [r4, #260]
 177              	.LVL9:
 178              	.LBB29:
 179              	.LBB30:
  27:E:/VisualStudioCode/STM32F1_HAL/APP\serial.h **** 			length = SERIAL_BUFFER_SIZE;
 180              		.loc 3 27 0
 181 001e B0F5807F 		cmp	r0, #256
 182 0022 03DD     		ble	.L11
  28:E:/VisualStudioCode/STM32F1_HAL/APP\serial.h **** 		return HAL_UART_Transmit(this->uart, (uint8_t *)buffer, length, 0xfff);
 183              		.loc 3 28 0
 184 0024 4FF48073 		mov	r3, #256
 185 0028 C4F80431 		str	r3, [r4, #260]
 186              	.L11:
  29:E:/VisualStudioCode/STM32F1_HAL/APP\serial.h **** 	}
 187              		.loc 3 29 0
 188 002c 2146     		mov	r1, r4
 189 002e 51F8040B 		ldr	r0, [r1], #4
 190 0032 40F6FF73 		movw	r3, #4095
 191 0036 B4F80421 		ldrh	r2, [r4, #260]
 192 003a FFF7FEFF 		bl	HAL_UART_Transmit
 193              	.LVL10:
 194              	.LBE30:
 195              	.LBE29:
  43:E:/VisualStudioCode/STM32F1_HAL/APP\serial.h **** 		va_end(ap);												 //ÁªìÊùüÂáΩÊï∞
  44:E:/VisualStudioCode/STM32F1_HAL/APP\serial.h **** 		//-------------------------------------------
  45:E:/VisualStudioCode/STM32F1_HAL/APP\serial.h **** 		SendData();
  46:E:/VisualStudioCode/STM32F1_HAL/APP\serial.h **** 	}
 196              		.loc 3 46 0
ARM GAS  C:\Users\ADMINI~1\AppData\Local\Temp\ccL4HDvX.s 			page 7


 197 003e 03B0     		add	sp, sp, #12
 198              	.LCFI6:
 199              		.cfi_def_cfa_offset 20
 200              		@ sp needed
 201 0040 BDE81040 		pop	{r4, lr}
 202              	.LCFI7:
 203              		.cfi_restore 14
 204              		.cfi_restore 4
 205              		.cfi_def_cfa_offset 12
 206              	.LVL11:
 207 0044 03B0     		add	sp, sp, #12
 208              	.LCFI8:
 209              		.cfi_restore 3
 210              		.cfi_restore 2
 211              		.cfi_restore 1
 212              		.cfi_def_cfa_offset 0
 213 0046 7047     		bx	lr
 214              		.cfi_endproc
 215              	.LFE81:
 216              		.fnend
 218              		.global	__aeabi_f2iz
 219              		.global	__aeabi_f2d
 220              		.global	__aeabi_dadd
 221              		.global	__aeabi_d2f
 222              		.section	.text.test0,"ax",%progbits
 223              		.align	1
 224              		.global	test0
 225              		.syntax unified
 226              		.thumb
 227              		.thumb_func
 228              		.fpu softvfp
 230              	test0:
 231              		.fnstart
 232              	.LFB84:
  41:E:/VisualStudioCode/STM32F1_HAL/APP\main.cpp **** 
 233              		.loc 1 41 0
 234              		.cfi_startproc
 235              		@ args = 0, pretend = 0, frame = 200
 236              		@ frame_needed = 0, uses_anonymous_args = 0
 237 0000 70B5     		push	{r4, r5, r6, lr}
 238              		.save {r4, r5, r6, lr}
 239              	.LCFI9:
 240              		.cfi_def_cfa_offset 16
 241              		.cfi_offset 4, -16
 242              		.cfi_offset 5, -12
 243              		.cfi_offset 6, -8
 244              		.cfi_offset 14, -4
 245              		.pad #208
 246 0002 B4B0     		sub	sp, sp, #208
 247              	.LCFI10:
 248              		.cfi_def_cfa_offset 224
 249              	.LVL12:
  43:E:/VisualStudioCode/STM32F1_HAL/APP\main.cpp ****   uint8_t data[200];
 250              		.loc 1 43 0
 251 0004 0024     		movs	r4, #0
 252              	.LVL13:
 253              	.L14:
ARM GAS  C:\Users\ADMINI~1\AppData\Local\Temp\ccL4HDvX.s 			page 8


 254              	.LBB31:
 255              	.LBB32:
  43:E:/VisualStudioCode/STM32F1_HAL/APP\led.h **** 		};
  44:E:/VisualStudioCode/STM32F1_HAL/APP\led.h **** 		void Set(uint8_t pin_state){
  45:E:/VisualStudioCode/STM32F1_HAL/APP\led.h **** 			if(pin_state== GPIO_PIN_RESET)	
  46:E:/VisualStudioCode/STM32F1_HAL/APP\led.h **** 				state = GPIO_PIN_RESET;	
  47:E:/VisualStudioCode/STM32F1_HAL/APP\led.h **** 			else
  48:E:/VisualStudioCode/STM32F1_HAL/APP\led.h **** 				state = GPIO_PIN_SET;	
  49:E:/VisualStudioCode/STM32F1_HAL/APP\led.h **** 			HAL_GPIO_WritePin(GPIOx,PIN_x,state);		
  50:E:/VisualStudioCode/STM32F1_HAL/APP\led.h **** 		};
  51:E:/VisualStudioCode/STM32F1_HAL/APP\led.h **** 		void Change(void){			
  52:E:/VisualStudioCode/STM32F1_HAL/APP\led.h **** 			if(state == GPIO_PIN_RESET)	
 256              		.loc 2 52 0
 257 0006 224B     		ldr	r3, .L19+8
 258 0008 9B79     		ldrb	r3, [r3, #6]	@ zero_extendqisi2
 259 000a 002B     		cmp	r3, #0
 260 000c 38D1     		bne	.L15
  53:E:/VisualStudioCode/STM32F1_HAL/APP\led.h **** 				state = GPIO_PIN_SET;			
 261              		.loc 2 53 0
 262 000e 204B     		ldr	r3, .L19+8
 263 0010 0122     		movs	r2, #1
 264 0012 9A71     		strb	r2, [r3, #6]
 265              	.L16:
  54:E:/VisualStudioCode/STM32F1_HAL/APP\led.h **** 			else
  55:E:/VisualStudioCode/STM32F1_HAL/APP\led.h **** 				state = GPIO_PIN_RESET;
  56:E:/VisualStudioCode/STM32F1_HAL/APP\led.h **** 			HAL_GPIO_WritePin(GPIOx,PIN_x,state);			
 266              		.loc 2 56 0
 267 0014 1E4B     		ldr	r3, .L19+8
 268 0016 9A79     		ldrb	r2, [r3, #6]	@ zero_extendqisi2
 269 0018 9988     		ldrh	r1, [r3, #4]
 270 001a 1868     		ldr	r0, [r3]
 271 001c FFF7FEFF 		bl	HAL_GPIO_WritePin
 272              	.LVL14:
 273              	.LBE32:
 274              	.LBE31:
  48:E:/VisualStudioCode/STM32F1_HAL/APP\main.cpp ****     printf("printf int %4d float %4.6f\r\n", (int)f, f);
 275              		.loc 1 48 0
 276 0020 6420     		movs	r0, #100
 277 0022 FFF7FEFF 		bl	HAL_Delay
 278              	.LVL15:
  49:E:/VisualStudioCode/STM32F1_HAL/APP\main.cpp ****     serial("serial int %4d float %4.6f\r\n", (int)f, f);
 279              		.loc 1 49 0
 280 0026 2046     		mov	r0, r4
 281 0028 FFF7FEFF 		bl	__aeabi_f2iz
 282              	.LVL16:
 283 002c 0646     		mov	r6, r0
 284 002e 2046     		mov	r0, r4
 285 0030 FFF7FEFF 		bl	__aeabi_f2d
 286              	.LVL17:
 287 0034 0446     		mov	r4, r0
 288              	.LVL18:
 289 0036 0D46     		mov	r5, r1
 290 0038 0246     		mov	r2, r0
 291 003a 0B46     		mov	r3, r1
 292 003c 3146     		mov	r1, r6
 293 003e 1548     		ldr	r0, .L19+12
 294 0040 FFF7FEFF 		bl	printf
ARM GAS  C:\Users\ADMINI~1\AppData\Local\Temp\ccL4HDvX.s 			page 9


 295              	.LVL19:
  50:E:/VisualStudioCode/STM32F1_HAL/APP\main.cpp ****     f += 0.000001;
 296              		.loc 1 50 0
 297 0044 CDE90045 		strd	r4, [sp]
 298 0048 3246     		mov	r2, r6
 299 004a 1349     		ldr	r1, .L19+16
 300 004c 1348     		ldr	r0, .L19+20
 301 004e FFF7FEFF 		bl	_ZN12Serial_Class6PrintfEPKcz
 302              	.LVL20:
  51:E:/VisualStudioCode/STM32F1_HAL/APP\main.cpp ****     if (HAL_UART_Receive_DMA(&huart1, data, 198) == HAL_OK)
 303              		.loc 1 51 0
 304 0052 0DA3     		adr	r3, .L19
 305 0054 D3E90023 		ldrd	r2, [r3]
 306 0058 2046     		mov	r0, r4
 307 005a 2946     		mov	r1, r5
 308 005c FFF7FEFF 		bl	__aeabi_dadd
 309              	.LVL21:
 310 0060 FFF7FEFF 		bl	__aeabi_d2f
 311              	.LVL22:
 312 0064 0446     		mov	r4, r0
 313              	.LVL23:
  52:E:/VisualStudioCode/STM32F1_HAL/APP\main.cpp ****     {
 314              		.loc 1 52 0
 315 0066 C622     		movs	r2, #198
 316 0068 02A9     		add	r1, sp, #8
 317 006a 0D48     		ldr	r0, .L19+24
 318              	.LVL24:
 319 006c FFF7FEFF 		bl	HAL_UART_Receive_DMA
 320              	.LVL25:
 321 0070 0028     		cmp	r0, #0
 322 0072 C8D1     		bne	.L14
  55:E:/VisualStudioCode/STM32F1_HAL/APP\main.cpp ****     }
 323              		.loc 1 55 0
 324 0074 02AA     		add	r2, sp, #8
 325 0076 0B49     		ldr	r1, .L19+28
 326 0078 0848     		ldr	r0, .L19+20
 327 007a FFF7FEFF 		bl	_ZN12Serial_Class6PrintfEPKcz
 328              	.LVL26:
 329 007e C2E7     		b	.L14
 330              	.LVL27:
 331              	.L15:
 332              	.LBB34:
 333              	.LBB33:
  55:E:/VisualStudioCode/STM32F1_HAL/APP\led.h **** 			HAL_GPIO_WritePin(GPIOx,PIN_x,state);			
 334              		.loc 2 55 0
 335 0080 034B     		ldr	r3, .L19+8
 336 0082 0022     		movs	r2, #0
 337 0084 9A71     		strb	r2, [r3, #6]
 338 0086 C5E7     		b	.L16
 339              	.L20:
 340              		.align	3
 341              	.L19:
 342 0088 8DEDB5A0 		.word	-1598689907
 343 008c F7C6B03E 		.word	1051772663
 344 0090 00000000 		.word	.LANCHOR0
 345 0094 00000000 		.word	.LC0
 346 0098 20000000 		.word	.LC1
ARM GAS  C:\Users\ADMINI~1\AppData\Local\Temp\ccL4HDvX.s 			page 10


 347 009c 00000000 		.word	.LANCHOR1
 348 00a0 00000000 		.word	huart1
 349 00a4 40000000 		.word	.LC2
 350              	.LBE33:
 351              	.LBE34:
 352              		.cfi_endproc
 353              	.LFE84:
 354              		.fnend
 356              		.section	.text.main,"ax",%progbits
 357              		.align	1
 358              		.global	main
 359              		.syntax unified
 360              		.thumb
 361              		.thumb_func
 362              		.fpu softvfp
 364              	main:
 365              		.fnstart
 366              	.LFB83:
  26:E:/VisualStudioCode/STM32F1_HAL/APP\main.cpp **** 
 367              		.loc 1 26 0
 368              		.cfi_startproc
 369              		@ args = 0, pretend = 0, frame = 0
 370              		@ frame_needed = 0, uses_anonymous_args = 0
 371 0000 08B5     		push	{r3, lr}
 372              		.save {r3, lr}
 373              	.LCFI11:
 374              		.cfi_def_cfa_offset 8
 375              		.cfi_offset 3, -8
 376              		.cfi_offset 14, -4
  30:E:/VisualStudioCode/STM32F1_HAL/APP\main.cpp ****   /* Configure the system clock */
 377              		.loc 1 30 0
 378 0002 FFF7FEFF 		bl	HAL_Init
 379              	.LVL28:
  32:E:/VisualStudioCode/STM32F1_HAL/APP\main.cpp ****   /* Initialize all configured peripherals */
 380              		.loc 1 32 0
 381 0006 FFF7FEFF 		bl	SystemClock_Config
 382              	.LVL29:
  34:E:/VisualStudioCode/STM32F1_HAL/APP\main.cpp ****   MX_I2C2_Init();
 383              		.loc 1 34 0
 384 000a 4FF47A30 		mov	r0, #256000
 385 000e FFF7FEFF 		bl	MX_USART1_UART_Init
 386              	.LVL30:
  35:E:/VisualStudioCode/STM32F1_HAL/APP\main.cpp ****   /* Initialize all configured peripherals */
 387              		.loc 1 35 0
 388 0012 FFF7FEFF 		bl	MX_I2C2_Init
 389              	.LVL31:
  37:E:/VisualStudioCode/STM32F1_HAL/APP\main.cpp **** }
 390              		.loc 1 37 0
 391 0016 FFF7FEFF 		bl	test0
 392              	.LVL32:
 393              		.cfi_endproc
 394              	.LFE83:
 395              		.fnend
 397              		.section	.text._GLOBAL__sub_I_led_class,"ax",%progbits
 398              		.align	1
 399              		.syntax unified
 400              		.thumb
ARM GAS  C:\Users\ADMINI~1\AppData\Local\Temp\ccL4HDvX.s 			page 11


 401              		.thumb_func
 402              		.fpu softvfp
 404              	_GLOBAL__sub_I_led_class:
 405              		.fnstart
 406              	.LFB86:
 407              		.loc 1 58 0
 408              		.cfi_startproc
 409              		@ args = 0, pretend = 0, frame = 0
 410              		@ frame_needed = 0, uses_anonymous_args = 0
 411 0000 08B5     		push	{r3, lr}
 412              	.LCFI12:
 413              		.cfi_def_cfa_offset 8
 414              		.cfi_offset 3, -8
 415              		.cfi_offset 14, -4
 416              		.loc 1 58 0
 417 0002 4FF6FF71 		movw	r1, #65535
 418 0006 0120     		movs	r0, #1
 419 0008 FFF7FEFF 		bl	_Z41__static_initialization_and_destruction_0ii
 420              	.LVL33:
 421 000c 08BD     		pop	{r3, pc}
 422              		.cfi_endproc
 423              	.LFE86:
 424              		.cantunwind
 425              		.fnend
 427              		.section	.init_array,"aw",%init_array
 428              		.align	2
 429 0000 00000000 		.word	_GLOBAL__sub_I_led_class(target1)
 430              		.global	serial_class
 431              		.global	led_class
 432              		.section	.bss.led_class,"aw",%nobits
 433              		.align	2
 434              		.set	.LANCHOR0,. + 0
 437              	led_class:
 438 0000 00000000 		.space	8
 438      00000000 
 439              		.section	.bss.serial_class,"aw",%nobits
 440              		.align	2
 441              		.set	.LANCHOR1,. + 0
 444              	serial_class:
 445 0000 00000000 		.space	268
 445      00000000 
 445      00000000 
 445      00000000 
 445      00000000 
 446              		.section	.rodata.test0.str1.4,"aMS",%progbits,1
 447              		.align	2
 448              	.LC0:
 449 0000 7072696E 		.ascii	"printf int %4d float %4.6f\015\012\000"
 449      74662069 
 449      6E742025 
 449      34642066 
 449      6C6F6174 
 450 001d 000000   		.space	3
 451              	.LC1:
 452 0020 73657269 		.ascii	"serial int %4d float %4.6f\015\012\000"
 452      616C2069 
 452      6E742025 
ARM GAS  C:\Users\ADMINI~1\AppData\Local\Temp\ccL4HDvX.s 			page 12


 452      34642066 
 452      6C6F6174 
 453 003d 000000   		.space	3
 454              	.LC2:
 455 0040 48414C5F 		.ascii	"HAL_UART_Receive_DMA\015\012%s\015\012\000"
 455      55415254 
 455      5F526563 
 455      65697665 
 455      5F444D41 
 456              		.text
 457              	.Letext0:
 458              		.file 4 "e:\\visualstudiocode\\gcc-arm-none-eabi\\arm-none-eabi\\include\\machine\\_default_types.
 459              		.file 5 "e:\\visualstudiocode\\gcc-arm-none-eabi\\arm-none-eabi\\include\\sys\\_stdint.h"
 460              		.file 6 "E:/VisualStudioCode/STM32F1_HAL/Drivers/CMSIS/Include/core_cm3.h"
 461              		.file 7 "E:/VisualStudioCode/STM32F1_HAL/Drivers/CMSIS/Device/ST/STM32F1xx/Include/system_stm32f1x
 462              		.file 8 "E:/VisualStudioCode/STM32F1_HAL/Drivers/CMSIS/Device/ST/STM32F1xx/Include/stm32f103xb.h"
 463              		.file 9 "E:/VisualStudioCode/STM32F1_HAL/Drivers/CMSIS/Device/ST/STM32F1xx/Include/stm32f1xx.h"
 464              		.file 10 "e:\\visualstudiocode\\gcc-arm-none-eabi\\lib\\gcc\\arm-none-eabi\\7.2.1\\include\\stddef
 465              		.file 11 "e:\\visualstudiocode\\gcc-arm-none-eabi\\lib\\gcc\\arm-none-eabi\\7.2.1\\include\\stdarg
 466              		.file 12 "e:\\visualstudiocode\\gcc-arm-none-eabi\\arm-none-eabi\\include\\sys\\lock.h"
 467              		.file 13 "e:\\visualstudiocode\\gcc-arm-none-eabi\\arm-none-eabi\\include\\sys\\_types.h"
 468              		.file 14 "e:\\visualstudiocode\\gcc-arm-none-eabi\\arm-none-eabi\\include\\sys\\reent.h"
 469              		.file 15 "<built-in>"
 470              		.file 16 "E:/VisualStudioCode/STM32F1_HAL/Drivers/STM32F1xx_HAL_Driver/Inc/stm32f1xx_hal_def.h"
 471              		.file 17 "E:/VisualStudioCode/STM32F1_HAL/Drivers/STM32F1xx_HAL_Driver/Inc/stm32f1xx_hal_gpio.h"
 472              		.file 18 "E:/VisualStudioCode/STM32F1_HAL/Drivers/STM32F1xx_HAL_Driver/Inc/stm32f1xx_hal_dma.h"
 473              		.file 19 "E:/VisualStudioCode/STM32F1_HAL/Drivers/STM32F1xx_HAL_Driver/Inc/stm32f1xx_hal_i2c.h"
 474              		.file 20 "E:/VisualStudioCode/STM32F1_HAL/Drivers/STM32F1xx_HAL_Driver/Inc/stm32f1xx_hal_uart.h"
 475              		.file 21 "E:/VisualStudioCode/STM32F1_HAL/Drivers/STM32F1xx_HAL_Driver/Inc/stm32f1xx_hal.h"
 476              		.file 22 "E:/VisualStudioCode/STM32F1_HAL/Src/Inc/usart.h"
 477              		.file 23 "E:/VisualStudioCode/STM32F1_HAL/Src/Inc/i2c.h"
 478              		.file 24 "e:\\visualstudiocode\\gcc-arm-none-eabi\\arm-none-eabi\\include\\c++\\7.2.1\\cstdlib"
 479              		.file 25 "e:\\visualstudiocode\\gcc-arm-none-eabi\\arm-none-eabi\\include\\c++\\7.2.1\\arm-none-ea
 480              		.file 26 "e:\\visualstudiocode\\gcc-arm-none-eabi\\arm-none-eabi\\include\\stdlib.h"
 481              		.file 27 "e:\\visualstudiocode\\gcc-arm-none-eabi\\arm-none-eabi\\include\\c++\\7.2.1\\stdlib.h"
 482              		.file 28 "e:\\visualstudiocode\\gcc-arm-none-eabi\\arm-none-eabi\\include\\stdio.h"
 483              		.file 29 "E:/VisualStudioCode/STM32F1_HAL/Src/Inc/main.h"
ARM GAS  C:\Users\ADMINI~1\AppData\Local\Temp\ccL4HDvX.s 			page 13


DEFINED SYMBOLS
                            *ABS*:00000000 main.cpp
C:\Users\ADMINI~1\AppData\Local\Temp\ccL4HDvX.s:16     .text._Z41__static_initialization_and_destruction_0ii:00000000 $t
C:\Users\ADMINI~1\AppData\Local\Temp\ccL4HDvX.s:22     .text._Z41__static_initialization_and_destruction_0ii:00000000 _Z41__static_initialization_and_destruction_0ii
C:\Users\ADMINI~1\AppData\Local\Temp\ccL4HDvX.s:122    .text._Z41__static_initialization_and_destruction_0ii:0000005c $d
.ARM.exidx.text._Z41__static_initialization_and_destruction_0ii:00000000 $d
C:\Users\ADMINI~1\AppData\Local\Temp\ccL4HDvX.s:133    .text._ZN12Serial_Class6PrintfEPKcz:00000000 $t
C:\Users\ADMINI~1\AppData\Local\Temp\ccL4HDvX.s:140    .text._ZN12Serial_Class6PrintfEPKcz:00000000 _ZN12Serial_Class6PrintfEPKcz
.ARM.extab.text._ZN12Serial_Class6PrintfEPKcz:00000000 $d
.ARM.exidx.text._ZN12Serial_Class6PrintfEPKcz:00000000 $d
C:\Users\ADMINI~1\AppData\Local\Temp\ccL4HDvX.s:223    .text.test0:00000000 $t
C:\Users\ADMINI~1\AppData\Local\Temp\ccL4HDvX.s:230    .text.test0:00000000 test0
C:\Users\ADMINI~1\AppData\Local\Temp\ccL4HDvX.s:342    .text.test0:00000088 $d
            .ARM.exidx.text.test0:00000000 $d
C:\Users\ADMINI~1\AppData\Local\Temp\ccL4HDvX.s:357    .text.main:00000000 $t
C:\Users\ADMINI~1\AppData\Local\Temp\ccL4HDvX.s:364    .text.main:00000000 main
             .ARM.extab.text.main:00000000 $d
             .ARM.exidx.text.main:00000000 $d
C:\Users\ADMINI~1\AppData\Local\Temp\ccL4HDvX.s:398    .text._GLOBAL__sub_I_led_class:00000000 $t
C:\Users\ADMINI~1\AppData\Local\Temp\ccL4HDvX.s:404    .text._GLOBAL__sub_I_led_class:00000000 _GLOBAL__sub_I_led_class
.ARM.exidx.text._GLOBAL__sub_I_led_class:00000000 $d
C:\Users\ADMINI~1\AppData\Local\Temp\ccL4HDvX.s:428    .init_array:00000000 $d
C:\Users\ADMINI~1\AppData\Local\Temp\ccL4HDvX.s:444    .bss.serial_class:00000000 serial_class
C:\Users\ADMINI~1\AppData\Local\Temp\ccL4HDvX.s:437    .bss.led_class:00000000 led_class
C:\Users\ADMINI~1\AppData\Local\Temp\ccL4HDvX.s:433    .bss.led_class:00000000 $d
C:\Users\ADMINI~1\AppData\Local\Temp\ccL4HDvX.s:440    .bss.serial_class:00000000 $d
C:\Users\ADMINI~1\AppData\Local\Temp\ccL4HDvX.s:447    .rodata.test0.str1.4:00000000 $d

UNDEFINED SYMBOLS
HAL_GPIO_WritePin
HAL_GPIO_Init
huart1
vsnprintf
HAL_UART_Transmit
__aeabi_unwind_cpp_pr1
__aeabi_f2iz
__aeabi_f2d
__aeabi_dadd
__aeabi_d2f
HAL_Delay
printf
HAL_UART_Receive_DMA
__aeabi_unwind_cpp_pr0
HAL_Init
SystemClock_Config
MX_USART1_UART_Init
MX_I2C2_Init
