ARM GAS  C:\Users\ADMINI~1\AppData\Local\Temp\ccRJZeUX.s 			page 1


   1              		.cpu cortex-m3
   2              		.eabi_attribute 20, 1
   3              		.eabi_attribute 21, 1
   4              		.eabi_attribute 23, 3
   5              		.eabi_attribute 24, 1
   6              		.eabi_attribute 25, 1
   7              		.eabi_attribute 26, 1
   8              		.eabi_attribute 30, 1
   9              		.eabi_attribute 34, 1
  10              		.eabi_attribute 18, 4
  11              		.file	"stm32f1xx_hal_tim_ex.c"
  12              		.text
  13              	.Ltext0:
  14              		.cfi_sections	.debug_frame
  15              	.Letext0:
  16              		.file 1 "e:\\visualstudiocode\\gcc-arm-none-eabi\\arm-none-eabi\\include\\machine\\_default_types.
  17              		.file 2 "e:\\visualstudiocode\\gcc-arm-none-eabi\\arm-none-eabi\\include\\sys\\_stdint.h"
  18              		.file 3 "E:/VisualStudioCode/STM32F1_HAL/Drivers/CMSIS/Include/core_cm3.h"
  19              		.file 4 "E:/VisualStudioCode/STM32F1_HAL/Drivers/CMSIS/Device/ST/STM32F1xx/Include/system_stm32f1x
  20              		.file 5 "e:\\visualstudiocode\\gcc-arm-none-eabi\\arm-none-eabi\\include\\sys\\lock.h"
  21              		.file 6 "e:\\visualstudiocode\\gcc-arm-none-eabi\\arm-none-eabi\\include\\sys\\_types.h"
  22              		.file 7 "e:\\visualstudiocode\\gcc-arm-none-eabi\\lib\\gcc\\arm-none-eabi\\7.2.1\\include\\stddef.
  23              		.file 8 "e:\\visualstudiocode\\gcc-arm-none-eabi\\arm-none-eabi\\include\\sys\\reent.h"
ARM GAS  C:\Users\ADMINI~1\AppData\Local\Temp\ccRJZeUX.s 			page 2


DEFINED SYMBOLS
                            *ABS*:00000000 stm32f1xx_hal_tim_ex.c

NO UNDEFINED SYMBOLS
